<?xml version="1.0" encoding="UTF-8"?>
<!-- Generated by org.testng.reporters.JUnitReportReporter -->
<testsuite hostname="DeaSalma-Isnaini" failures="0" tests="2" name="APITest.AppTest" time="14.290" errors="0" timestamp="2024-04-28T19:23:19 WIB" skipped="0">
  <testcase classname="APITest.AppTest" name="testCreateUserWithInvalidAppId" time="13.655"/>
  <testcase classname="APITest.AppTest" name="testCreateUserWithoutAppId" time="0.635"/>
</testsuite> <!-- APITest.AppTest -->
