<?xml version="1.0" encoding="UTF-8"?>
<!-- Generated by org.testng.reporters.JUnitReportReporter -->
<testsuite hostname="LAPTOP-BOJL9Q1V" failures="0" tests="5" name="APITest.AppTestGet" time="2.107" errors="0" timestamp="09 May 2024 03:50:23 GMT" skipped="0">
  <testcase classname="APITest.AppTestGet" name="testGetUserByIdWithValidAuthorization" time="0.341"/>
  <testcase classname="APITest.AppTestGet" name="testGetUserByIdWithInvalidUserIdFormat" time="0.395"/>
  <testcase classname="APITest.AppTestGet" name="testGetUserByIdWithInvalidAppId" time="0.451"/>
  <testcase classname="APITest.AppTestGet" name="testGetUserByIdWithInvalidUserId" time="0.555"/>
  <testcase classname="APITest.AppTestGet" name="testGetUserByIdWithoutAuthorization" time="0.365"/>
</testsuite> <!-- APITest.AppTestGet -->
