<?xml version="1.0" encoding="UTF-8"?>
<!-- Generated by org.testng.reporters.JUnitReportReporter -->
<testsuite hostname="DeaSalma-Isnaini" failures="0" tests="2" name="APITest.AppTest" time="16.901" errors="0" timestamp="28 Apr 2024 12:26:42 GMT" skipped="0">
  <testcase classname="APITest.AppTest" name="testCreateUserWithInvalidAppId" time="16.370"/>
  <testcase classname="APITest.AppTest" name="testCreateUserWithoutAppId" time="0.531"/>
</testsuite> <!-- APITest.AppTest -->
